0 info it worked if it ends with ok
1 verbose cli [ '/usr/local/Cellar/node/5.7.0/bin/node',
1 verbose cli   '/usr/local/bin/npm',
1 verbose cli   'run',
1 verbose cli   'build' ]
2 info using npm@3.6.0
3 info using node@v5.7.0
4 verbose run-script [ 'prebuild', 'build', 'postbuild' ]
5 info lifecycle ideahunt@1.0.0~prebuild: ideahunt@1.0.0
6 silly lifecycle ideahunt@1.0.0~prebuild: no script for prebuild, continuing
7 info lifecycle ideahunt@1.0.0~build: ideahunt@1.0.0
8 verbose lifecycle ideahunt@1.0.0~build: unsafe-perm in lifecycle true
9 verbose lifecycle ideahunt@1.0.0~build: PATH: /usr/local/lib/node_modules/npm/bin/node-gyp-bin:/Users/lecharles/Documents/Code/ideaHunt/node_modules/.bin:/usr/local/lib/node_modules/npm/bin/node-gyp-bin:/Users/lecharles/Documents/Code/ideaHunt/node_modules/.bin:/Users/lecharles/.rbenv/shims:/usr/local/bin:/usr/bin:/bin:/usr/sbin:/sbin:/usr/local/MacGPG2/bin:/Applications/Postgres.app/Contents/Versions/9.4/bin:/Users/lecharles/.rvm/bin
10 verbose lifecycle ideahunt@1.0.0~build: CWD: /Users/lecharles/Documents/Code/ideaHunt
11 silly lifecycle ideahunt@1.0.0~build: Args: [ '-c',
11 silly lifecycle   'browserify -t [ babelify --presets [ es2015 stage-0 react ] ] ./src/react-components/app.js -o ./public/js/app.js' ]
12 silly lifecycle ideahunt@1.0.0~build: Returned: code: 1  signal: null
13 info lifecycle ideahunt@1.0.0~build: Failed to exec build script
14 verbose stack Error: ideahunt@1.0.0 build: `browserify -t [ babelify --presets [ es2015 stage-0 react ] ] ./src/react-components/app.js -o ./public/js/app.js`
14 verbose stack Exit status 1
14 verbose stack     at EventEmitter.<anonymous> (/usr/local/lib/node_modules/npm/lib/utils/lifecycle.js:232:16)
14 verbose stack     at emitTwo (events.js:100:13)
14 verbose stack     at EventEmitter.emit (events.js:185:7)
14 verbose stack     at ChildProcess.<anonymous> (/usr/local/lib/node_modules/npm/lib/utils/spawn.js:24:14)
14 verbose stack     at emitTwo (events.js:100:13)
14 verbose stack     at ChildProcess.emit (events.js:185:7)
14 verbose stack     at maybeClose (internal/child_process.js:827:16)
14 verbose stack     at Process.ChildProcess._handle.onexit (internal/child_process.js:211:5)
15 verbose pkgid ideahunt@1.0.0
16 verbose cwd /Users/lecharles/Documents/Code/ideaHunt
17 error Darwin 14.5.0
18 error argv "/usr/local/Cellar/node/5.7.0/bin/node" "/usr/local/bin/npm" "run" "build"
19 error node v5.7.0
20 error npm  v3.6.0
21 error code ELIFECYCLE
22 error ideahunt@1.0.0 build: `browserify -t [ babelify --presets [ es2015 stage-0 react ] ] ./src/react-components/app.js -o ./public/js/app.js`
22 error Exit status 1
23 error Failed at the ideahunt@1.0.0 build script 'browserify -t [ babelify --presets [ es2015 stage-0 react ] ] ./src/react-components/app.js -o ./public/js/app.js'.
23 error Make sure you have the latest version of node.js and npm installed.
23 error If you do, this is most likely a problem with the ideahunt package,
23 error not with npm itself.
23 error Tell the author that this fails on your system:
23 error     browserify -t [ babelify --presets [ es2015 stage-0 react ] ] ./src/react-components/app.js -o ./public/js/app.js
23 error You can get information on how to open an issue for this project with:
23 error     npm bugs ideahunt
23 error Or if that isn't available, you can get their info via:
23 error     npm owner ls ideahunt
23 error There is likely additional logging output above.
24 verbose exit [ 1, true ]
